Traceback (most recent call last):
  File "/opt/hostedtoolcache/Python/3.7.9/x64/lib/python3.7/site-packages/jupyter_cache/executors/utils.py", line 56, in single_nb_execution
    record_timing=False,
  File "/opt/hostedtoolcache/Python/3.7.9/x64/lib/python3.7/site-packages/nbclient/client.py", line 1087, in execute
    return NotebookClient(nb=nb, resources=resources, km=km, **kwargs).execute()
  File "/opt/hostedtoolcache/Python/3.7.9/x64/lib/python3.7/site-packages/nbclient/util.py", line 74, in wrapped
    return just_run(coro(*args, **kwargs))
  File "/opt/hostedtoolcache/Python/3.7.9/x64/lib/python3.7/site-packages/nbclient/util.py", line 53, in just_run
    return loop.run_until_complete(coro)
  File "/opt/hostedtoolcache/Python/3.7.9/x64/lib/python3.7/asyncio/base_events.py", line 587, in run_until_complete
    return future.result()
  File "/opt/hostedtoolcache/Python/3.7.9/x64/lib/python3.7/site-packages/nbclient/client.py", line 541, in async_execute
    cell, index, execution_count=self.code_cells_executed + 1
  File "/opt/hostedtoolcache/Python/3.7.9/x64/lib/python3.7/site-packages/nbclient/client.py", line 832, in async_execute_cell
    self._check_raise_for_error(cell, exec_reply)
  File "/opt/hostedtoolcache/Python/3.7.9/x64/lib/python3.7/site-packages/nbclient/client.py", line 740, in _check_raise_for_error
    raise CellExecutionError.from_cell_and_msg(cell, exec_reply['content'])
nbclient.exceptions.CellExecutionError: An error occurred while executing the following cell:
------------------
# Plot LML landscape
plt.figure(figsize=(8,5))
# noise level
theta0 = np.logspace(-1, 3, 49)
# length scale
theta1 = np.logspace(-0.5, 0.5, 100)
Theta0, Theta1 = np.meshgrid(theta0, theta1)
LML = [[gp.log_marginal_likelihood(np.log([Theta0[i, j], Theta1[i, j]]))
        for i in range(Theta0.shape[0])] for j in range(Theta0.shape[1])]
LML = np.array(LML).T

vmin, vmax = (-LML).min(), (-LML).max()
#vmax = 50
level = np.around(np.logspace(np.log10(vmin), np.log10(vmax), 50), decimals=1)

ind = np.unravel_index(np.argmax(LML, axis=None), LML.shape)
min_theta0 = theta0[ind[1]]
min_theta1 = theta1[ind[0]]
plt.scatter(theta0[ind[1]],theta1[ind[0]],color='r')

plt.contour(Theta0, Theta1, -LML,
            levels=level, norm=colors.LogNorm(vmin=vmin, vmax=vmax))
plt.colorbar()
plt.xscale("log")
plt.yscale("log")
plt.xlabel("Noise-level")
plt.ylabel("Length-scale")
plt.title(f"Log-marginal-likelihood \n Noise {min_theta0} \n Length {min_theta1} \n Likelihood {LML.max()}")
plt.tight_layout()

plt.show()
------------------

[0;31m---------------------------------------------------------------------------[0m
[0;31mValueError[0m                                Traceback (most recent call last)
[0;32m<ipython-input-22-7134b029e623>[0m in [0;36m<module>[0;34m[0m
[1;32m     20[0m [0;34m[0m[0m
[1;32m     21[0m plt.contour(Theta0, Theta1, -LML,
[0;32m---> 22[0;31m             levels=level, norm=colors.LogNorm(vmin=vmin, vmax=vmax))
[0m[1;32m     23[0m [0mplt[0m[0;34m.[0m[0mcolorbar[0m[0;34m([0m[0;34m)[0m[0;34m[0m[0;34m[0m[0m
[1;32m     24[0m [0mplt[0m[0;34m.[0m[0mxscale[0m[0;34m([0m[0;34m"log"[0m[0;34m)[0m[0;34m[0m[0;34m[0m[0m

[0;32m/opt/hostedtoolcache/Python/3.7.9/x64/lib/python3.7/site-packages/matplotlib/pyplot.py[0m in [0;36mcontour[0;34m(data, *args, **kwargs)[0m
[1;32m   2567[0m     __ret = gca().contour(
[1;32m   2568[0m         [0;34m*[0m[0margs[0m[0;34m,[0m [0;34m**[0m[0;34m([0m[0;34m{[0m[0;34m"data"[0m[0;34m:[0m [0mdata[0m[0;34m}[0m [0;32mif[0m [0mdata[0m [0;32mis[0m [0;32mnot[0m [0;32mNone[0m [0;32melse[0m [0;34m{[0m[0;34m}[0m[0;34m)[0m[0;34m,[0m[0;34m[0m[0;34m[0m[0m
[0;32m-> 2569[0;31m         **kwargs)
[0m[1;32m   2570[0m     [0;32mif[0m [0m__ret[0m[0;34m.[0m[0m_A[0m [0;32mis[0m [0;32mnot[0m [0;32mNone[0m[0;34m:[0m [0msci[0m[0;34m([0m[0m__ret[0m[0;34m)[0m  [0;31m# noqa[0m[0;34m[0m[0;34m[0m[0m
[1;32m   2571[0m     [0;32mreturn[0m [0m__ret[0m[0;34m[0m[0;34m[0m[0m

[0;32m/opt/hostedtoolcache/Python/3.7.9/x64/lib/python3.7/site-packages/matplotlib/__init__.py[0m in [0;36minner[0;34m(ax, data, *args, **kwargs)[0m
[1;32m   1445[0m     [0;32mdef[0m [0minner[0m[0;34m([0m[0max[0m[0;34m,[0m [0;34m*[0m[0margs[0m[0;34m,[0m [0mdata[0m[0;34m=[0m[0;32mNone[0m[0;34m,[0m [0;34m**[0m[0mkwargs[0m[0;34m)[0m[0;34m:[0m[0;34m[0m[0;34m[0m[0m
[1;32m   1446[0m         [0;32mif[0m [0mdata[0m [0;32mis[0m [0;32mNone[0m[0;34m:[0m[0;34m[0m[0;34m[0m[0m
[0;32m-> 1447[0;31m             [0;32mreturn[0m [0mfunc[0m[0;34m([0m[0max[0m[0;34m,[0m [0;34m*[0m[0mmap[0m[0;34m([0m[0msanitize_sequence[0m[0;34m,[0m [0margs[0m[0;34m)[0m[0;34m,[0m [0;34m**[0m[0mkwargs[0m[0;34m)[0m[0;34m[0m[0;34m[0m[0m
[0m[1;32m   1448[0m [0;34m[0m[0m
[1;32m   1449[0m         [0mbound[0m [0;34m=[0m [0mnew_sig[0m[0;34m.[0m[0mbind[0m[0;34m([0m[0max[0m[0;34m,[0m [0;34m*[0m[0margs[0m[0;34m,[0m [0;34m**[0m[0mkwargs[0m[0;34m)[0m[0;34m[0m[0;34m[0m[0m

[0;32m/opt/hostedtoolcache/Python/3.7.9/x64/lib/python3.7/site-packages/matplotlib/axes/_axes.py[0m in [0;36mcontour[0;34m(self, *args, **kwargs)[0m
[1;32m   6325[0m     [0;32mdef[0m [0mcontour[0m[0;34m([0m[0mself[0m[0;34m,[0m [0;34m*[0m[0margs[0m[0;34m,[0m [0;34m**[0m[0mkwargs[0m[0;34m)[0m[0;34m:[0m[0;34m[0m[0;34m[0m[0m
[1;32m   6326[0m         [0mkwargs[0m[0;34m[[0m[0;34m'filled'[0m[0;34m][0m [0;34m=[0m [0;32mFalse[0m[0;34m[0m[0;34m[0m[0m
[0;32m-> 6327[0;31m         [0mcontours[0m [0;34m=[0m [0mmcontour[0m[0;34m.[0m[0mQuadContourSet[0m[0;34m([0m[0mself[0m[0;34m,[0m [0;34m*[0m[0margs[0m[0;34m,[0m [0;34m**[0m[0mkwargs[0m[0;34m)[0m[0;34m[0m[0;34m[0m[0m
[0m[1;32m   6328[0m         [0mself[0m[0;34m.[0m[0m_request_autoscale_view[0m[0;34m([0m[0;34m)[0m[0;34m[0m[0;34m[0m[0m
[1;32m   6329[0m         [0;32mreturn[0m [0mcontours[0m[0;34m[0m[0;34m[0m[0m

[0;32m/opt/hostedtoolcache/Python/3.7.9/x64/lib/python3.7/site-packages/matplotlib/contour.py[0m in [0;36m__init__[0;34m(self, ax, levels, filled, linewidths, linestyles, hatches, alpha, origin, extent, cmap, colors, norm, vmin, vmax, extend, antialiased, nchunk, locator, transform, *args, **kwargs)[0m
[1;32m    814[0m         [0mself[0m[0;34m.[0m[0m_transform[0m [0;34m=[0m [0mtransform[0m[0;34m[0m[0;34m[0m[0m
[1;32m    815[0m [0;34m[0m[0m
[0;32m--> 816[0;31m         [0mkwargs[0m [0;34m=[0m [0mself[0m[0;34m.[0m[0m_process_args[0m[0;34m([0m[0;34m*[0m[0margs[0m[0;34m,[0m [0;34m**[0m[0mkwargs[0m[0;34m)[0m[0;34m[0m[0;34m[0m[0m
[0m[1;32m    817[0m         [0mself[0m[0;34m.[0m[0m_process_levels[0m[0;34m([0m[0;34m)[0m[0;34m[0m[0;34m[0m[0m
[1;32m    818[0m [0;34m[0m[0m

[0;32m/opt/hostedtoolcache/Python/3.7.9/x64/lib/python3.7/site-packages/matplotlib/contour.py[0m in [0;36m_process_args[0;34m(self, corner_mask, *args, **kwargs)[0m
[1;32m   1428[0m             [0mself[0m[0;34m.[0m[0m_corner_mask[0m [0;34m=[0m [0mcorner_mask[0m[0;34m[0m[0;34m[0m[0m
[1;32m   1429[0m [0;34m[0m[0m
[0;32m-> 1430[0;31m             [0mx[0m[0;34m,[0m [0my[0m[0;34m,[0m [0mz[0m [0;34m=[0m [0mself[0m[0;34m.[0m[0m_contour_args[0m[0;34m([0m[0margs[0m[0;34m,[0m [0mkwargs[0m[0;34m)[0m[0;34m[0m[0;34m[0m[0m
[0m[1;32m   1431[0m [0;34m[0m[0m
[1;32m   1432[0m             [0m_mask[0m [0;34m=[0m [0mma[0m[0;34m.[0m[0mgetmask[0m[0;34m([0m[0mz[0m[0;34m)[0m[0;34m[0m[0;34m[0m[0m

[0;32m/opt/hostedtoolcache/Python/3.7.9/x64/lib/python3.7/site-packages/matplotlib/contour.py[0m in [0;36m_contour_args[0;34m(self, args, kwargs)[0m
[1;32m   1499[0m                                  'masked')
[1;32m   1500[0m             [0mself[0m[0;34m.[0m[0mzmin[0m [0;34m=[0m [0mfloat[0m[0;34m([0m[0mz[0m[0;34m.[0m[0mmin[0m[0;34m([0m[0;34m)[0m[0;34m)[0m[0;34m[0m[0;34m[0m[0m
[0;32m-> 1501[0;31m         [0mself[0m[0;34m.[0m[0m_process_contour_level_args[0m[0;34m([0m[0margs[0m[0;34m)[0m[0;34m[0m[0;34m[0m[0m
[0m[1;32m   1502[0m         [0;32mreturn[0m [0;34m([0m[0mx[0m[0;34m,[0m [0my[0m[0;34m,[0m [0mz[0m[0;34m)[0m[0;34m[0m[0;34m[0m[0m
[1;32m   1503[0m [0;34m[0m[0m

[0;32m/opt/hostedtoolcache/Python/3.7.9/x64/lib/python3.7/site-packages/matplotlib/contour.py[0m in [0;36m_process_contour_level_args[0;34m(self, args)[0m
[1;32m   1170[0m [0;34m[0m[0m
[1;32m   1171[0m         [0;32mif[0m [0mlen[0m[0;34m([0m[0mself[0m[0;34m.[0m[0mlevels[0m[0;34m)[0m [0;34m>[0m [0;36m1[0m [0;32mand[0m [0mnp[0m[0;34m.[0m[0mmin[0m[0;34m([0m[0mnp[0m[0;34m.[0m[0mdiff[0m[0;34m([0m[0mself[0m[0;34m.[0m[0mlevels[0m[0;34m)[0m[0;34m)[0m [0;34m<=[0m [0;36m0.0[0m[0;34m:[0m[0;34m[0m[0;34m[0m[0m
[0;32m-> 1172[0;31m             [0;32mraise[0m [0mValueError[0m[0;34m([0m[0;34m"Contour levels must be increasing"[0m[0;34m)[0m[0;34m[0m[0;34m[0m[0m
[0m[1;32m   1173[0m [0;34m[0m[0m
[1;32m   1174[0m     [0;32mdef[0m [0m_process_levels[0m[0;34m([0m[0mself[0m[0;34m)[0m[0;34m:[0m[0;34m[0m[0;34m[0m[0m

[0;31mValueError[0m: Contour levels must be increasing
ValueError: Contour levels must be increasing

